<?xml version="1.0" encoding="UTF-8"?>
<!-- Generated by org.testng.reporters.JUnitReportReporter -->
<testsuite hostname="Robbo" failures="0" tests="1" name="com.tricentis.testcases.ForgotPassword" time="12.121" errors="0" timestamp="2024-07-09T16:47:42 IST" skipped="0">
  <testcase classname="com.tricentis.testcases.ForgotPassword" name="verRcyOfPwdWithVldResEmailAdd" time="12.121"/>
</testsuite> <!-- com.tricentis.testcases.ForgotPassword -->
