<?xml version="1.0" encoding="UTF-8"?>
<!-- Generated by org.testng.reporters.JUnitReportReporter -->
<testsuite hostname="Robbo" failures="0" tests="1" name="com.tricentis.testcases.Resister" time="10.138" errors="0" timestamp="2024-07-10T13:55:41 IST" skipped="1">
  <testcase classname="com.tricentis.testcases.Resister" name="registerWithMandFieldsOnly" time="10.138">
    <skipped/>
  </testcase> <!-- registerWithMandFieldsOnly -->
</testsuite> <!-- com.tricentis.testcases.Resister -->
