<?xml version="1.0" encoding="UTF-8"?>
<!-- Generated by org.testng.reporters.JUnitReportReporter -->
<testsuite hostname="Robbo" failures="0" tests="1" name="com.tricentis.testcases.Search" time="10.394" errors="0" timestamp="2024-06-18T12:09:42 IST" skipped="0">
  <testcase classname="com.tricentis.testcases.Search" name="verifyErrAlertForProductSearchFunOnSearchPage" time="10.394"/>
</testsuite> <!-- com.tricentis.testcases.Search -->
